<?xml version="1.0" encoding="UTF-8"?>
  <testsuite name="OCI Distribution Conformance Tests" tests="60" failures="0" errors="0" time="22.82">
      <testcase name="OCI Distribution Conformance Tests Pull Setup Populate registry with test blob" classname="OCI Distribution Conformance Tests" time="0.592087836"></testcase>
      <testcase name="OCI Distribution Conformance Tests Pull Setup Populate registry with test layer" classname="OCI Distribution Conformance Tests" time="0.565562013"></testcase>
      <testcase name="OCI Distribution Conformance Tests Pull Setup Populate registry with test manifest" classname="OCI Distribution Conformance Tests" time="0.325700598"></testcase>
      <testcase name="OCI Distribution Conformance Tests Pull Setup Get the name of a tag" classname="OCI Distribution Conformance Tests" time="0.58176935"></testcase>
      <testcase name="OCI Distribution Conformance Tests Pull Setup Get tag name from environment" classname="OCI Distribution Conformance Tests" time="0.000268114">
          <skipped>/go/src/github.com/opencontainers/distribution-spec/conformance/01_pull_test.go:85&#xA;you have skipped this test.&#xA;/go/src/github.com/opencontainers/distribution-spec/conformance/setup.go:353</skipped>
      </testcase>
      <testcase name="OCI Distribution Conformance Tests Pull Pull blobs HEAD request to nonexistent blob should result in 404 response" classname="OCI Distribution Conformance Tests" time="0.265596309"></testcase>
      <testcase name="OCI Distribution Conformance Tests Pull Pull blobs HEAD request to existing blob should yield 200" classname="OCI Distribution Conformance Tests" time="0.268976907"></testcase>
      <testcase name="OCI Distribution Conformance Tests Pull Pull blobs GET nonexistent blob should result in 404 response" classname="OCI Distribution Conformance Tests" time="0.265948744"></testcase>
      <testcase name="OCI Distribution Conformance Tests Pull Pull blobs GET request to existing blob URL should yield 200" classname="OCI Distribution Conformance Tests" time="0.268251555"></testcase>
      <testcase name="OCI Distribution Conformance Tests Pull Pull manifests HEAD request to nonexistent manifest should return 404" classname="OCI Distribution Conformance Tests" time="0.266038429"></testcase>
      <testcase name="OCI Distribution Conformance Tests Pull Pull manifests HEAD request to manifest path (digest) should yield 200 response" classname="OCI Distribution Conformance Tests" time="0.274836143"></testcase>
      <testcase name="OCI Distribution Conformance Tests Pull Pull manifests HEAD request to manifest path (tag) should yield 200 response" classname="OCI Distribution Conformance Tests" time="0.277786192"></testcase>
      <testcase name="OCI Distribution Conformance Tests Pull Pull manifests GET nonexistent manifest should return 404" classname="OCI Distribution Conformance Tests" time="0.266895116"></testcase>
      <testcase name="OCI Distribution Conformance Tests Pull Pull manifests GET request to manifest path (digest) should yield 200 response" classname="OCI Distribution Conformance Tests" time="0.269980696"></testcase>
      <testcase name="OCI Distribution Conformance Tests Pull Pull manifests GET request to manifest path (tag) should yield 200 response" classname="OCI Distribution Conformance Tests" time="0.271115834"></testcase>
      <testcase name="OCI Distribution Conformance Tests Pull Error codes 400 response body should contain OCI-conforming JSON message" classname="OCI Distribution Conformance Tests" time="0.265608997"></testcase>
      <testcase name="OCI Distribution Conformance Tests Pull Teardown Delete config blob created in setup" classname="OCI Distribution Conformance Tests" time="0.27591038"></testcase>
      <testcase name="OCI Distribution Conformance Tests Pull Teardown Delete layer blob created in setup" classname="OCI Distribution Conformance Tests" time="0.271185722"></testcase>
      <testcase name="OCI Distribution Conformance Tests Pull Teardown Delete manifest created in setup" classname="OCI Distribution Conformance Tests" time="0.315719882"></testcase>
      <testcase name="OCI Distribution Conformance Tests Push Blob Upload Streamed PATCH request with blob in body should yield 202 response" classname="OCI Distribution Conformance Tests" time="0.591019108"></testcase>
      <testcase name="OCI Distribution Conformance Tests Push Blob Upload Streamed PUT request to session URL with digest should yield 201 response" classname="OCI Distribution Conformance Tests" time="0.28698951"></testcase>
      <testcase name="OCI Distribution Conformance Tests Push Blob Upload Monolithic GET nonexistent blob should result in 404 response" classname="OCI Distribution Conformance Tests" time="0.270332593"></testcase>
      <testcase name="OCI Distribution Conformance Tests Push Blob Upload Monolithic POST request with digest and blob should yield a 201 or 202" classname="OCI Distribution Conformance Tests" time="0.305802608"></testcase>
      <testcase name="OCI Distribution Conformance Tests Push Blob Upload Monolithic GET request to blob URL from prior request should yield 200 or 404 based on response code" classname="OCI Distribution Conformance Tests" time="0.267943023"></testcase>
      <testcase name="OCI Distribution Conformance Tests Push Blob Upload Monolithic POST request should yield a session ID" classname="OCI Distribution Conformance Tests" time="0.286698935"></testcase>
      <testcase name="OCI Distribution Conformance Tests Push Blob Upload Monolithic PUT upload of a blob should yield a 201 Response" classname="OCI Distribution Conformance Tests" time="0.301184513"></testcase>
      <testcase name="OCI Distribution Conformance Tests Push Blob Upload Monolithic GET request to existing blob should yield 200 response" classname="OCI Distribution Conformance Tests" time="0.269952774"></testcase>
      <testcase name="OCI Distribution Conformance Tests Push Blob Upload Monolithic PUT upload of a layer blob should yield a 201 Response" classname="OCI Distribution Conformance Tests" time="0.586377016"></testcase>
      <testcase name="OCI Distribution Conformance Tests Push Blob Upload Monolithic GET request to existing layer should yield 200 response" classname="OCI Distribution Conformance Tests" time="0.267978261"></testcase>
      <testcase name="OCI Distribution Conformance Tests Push Blob Upload Chunked Out-of-order blob upload should return 416" classname="OCI Distribution Conformance Tests" time="0.58921772"></testcase>
      <testcase name="OCI Distribution Conformance Tests Push Blob Upload Chunked PATCH request with first chunk should return 202" classname="OCI Distribution Conformance Tests" time="0.5820037"></testcase>
      <testcase name="OCI Distribution Conformance Tests Push Blob Upload Chunked PUT request with final chunk should return 201" classname="OCI Distribution Conformance Tests" time="0.298437893"></testcase>
      <testcase name="OCI Distribution Conformance Tests Push Cross-Repository Blob Mount Cross-mounting of a blob without the from argument should yield session id" classname="OCI Distribution Conformance Tests" time="0.286562168"></testcase>
      <testcase name="OCI Distribution Conformance Tests Push Cross-Repository Blob Mount POST request to mount another repository&#39;s blob should return 201 or 202" classname="OCI Distribution Conformance Tests" time="0.284513609"></testcase>
      <testcase name="OCI Distribution Conformance Tests Push Cross-Repository Blob Mount GET request to test digest within cross-mount namespace should return 200" classname="OCI Distribution Conformance Tests" time="0.000294399">
          <skipped>/go/src/github.com/opencontainers/distribution-spec/conformance/02_push_test.go:235&#xA;you have skipped this test.&#xA;/go/src/github.com/opencontainers/distribution-spec/conformance/setup.go:347</skipped>
      </testcase>
      <testcase name="OCI Distribution Conformance Tests Push Cross-Repository Blob Mount Cross-mounting of nonexistent blob should yield session id" classname="OCI Distribution Conformance Tests" time="4.779e-06"></testcase>
      <testcase name="OCI Distribution Conformance Tests Push Cross-Repository Blob Mount Cross-mounting without from, and automatic content discovery enabled should return a 201" classname="OCI Distribution Conformance Tests" time="0.0002724">
          <skipped>/go/src/github.com/opencontainers/distribution-spec/conformance/02_push_test.go:253&#xA;you have skipped this test.&#xA;/go/src/github.com/opencontainers/distribution-spec/conformance/setup.go:347</skipped>
      </testcase>
      <testcase name="OCI Distribution Conformance Tests Push Cross-Repository Blob Mount Cross-mounting without from, and automatic content discovery disabled should return a 202" classname="OCI Distribution Conformance Tests" time="0.00043231">
          <skipped>/go/src/github.com/opencontainers/distribution-spec/conformance/02_push_test.go:267&#xA;you have skipped this test.&#xA;/go/src/github.com/opencontainers/distribution-spec/conformance/setup.go:347</skipped>
      </testcase>
      <testcase name="OCI Distribution Conformance Tests Push Manifest Upload GET nonexistent manifest should return 404" classname="OCI Distribution Conformance Tests" time="0.268024713"></testcase>
      <testcase name="OCI Distribution Conformance Tests Push Manifest Upload PUT should accept a manifest upload" classname="OCI Distribution Conformance Tests" time="1.289834755"></testcase>
      <testcase name="OCI Distribution Conformance Tests Push Manifest Upload Registry should accept a manifest upload with no layers" classname="OCI Distribution Conformance Tests" time="0.322577024"></testcase>
      <testcase name="OCI Distribution Conformance Tests Push Manifest Upload GET request to manifest URL (digest) should yield 200 response" classname="OCI Distribution Conformance Tests" time="0.270044909"></testcase>
      <testcase name="OCI Distribution Conformance Tests Push Teardown Delete config blob created in tests" classname="OCI Distribution Conformance Tests" time="0.288805061"></testcase>
      <testcase name="OCI Distribution Conformance Tests Push Teardown Delete layer blob created in setup" classname="OCI Distribution Conformance Tests" time="0.26652328"></testcase>
      <testcase name="OCI Distribution Conformance Tests Push Teardown Delete manifest created in tests" classname="OCI Distribution Conformance Tests" time="0.333698961"></testcase>
      <testcase name="OCI Distribution Conformance Tests Content Discovery Setup Populate registry with test blob" classname="OCI Distribution Conformance Tests" time="0.594914454"></testcase>
      <testcase name="OCI Distribution Conformance Tests Content Discovery Setup Populate registry with test layer" classname="OCI Distribution Conformance Tests" time="0.562556337"></testcase>
      <testcase name="OCI Distribution Conformance Tests Content Discovery Setup Populate registry with test tags" classname="OCI Distribution Conformance Tests" time="1.575374906"></testcase>
      <testcase name="OCI Distribution Conformance Tests Content Discovery Setup Populate registry with test tags (no push)" classname="OCI Distribution Conformance Tests" time="0.00021717">
          <skipped>/go/src/github.com/opencontainers/distribution-spec/conformance/03_discovery_test.go:80&#xA;you have skipped this test.&#xA;/go/src/github.com/opencontainers/distribution-spec/conformance/setup.go:353</skipped>
      </testcase>
      <testcase name="OCI Distribution Conformance Tests Content Discovery Test content discovery endpoints GET request to list tags should yield 200 response" classname="OCI Distribution Conformance Tests" time="0.269966123"></testcase>
      <testcase name="OCI Distribution Conformance Tests Content Discovery Test content discovery endpoints GET number of tags should be limitable by `n` query parameter" classname="OCI Distribution Conformance Tests" time="0.265460321"></testcase>
      <testcase name="OCI Distribution Conformance Tests Content Discovery Test content discovery endpoints GET start of tag is set by `last` query parameter" classname="OCI Distribution Conformance Tests" time="0.528303177"></testcase>
      <testcase name="OCI Distribution Conformance Tests Content Discovery Teardown Delete config blob created in tests" classname="OCI Distribution Conformance Tests" time="0.290033176"></testcase>
      <testcase name="OCI Distribution Conformance Tests Content Discovery Teardown Delete layer blob created in setup" classname="OCI Distribution Conformance Tests" time="0.266079948"></testcase>
      <testcase name="OCI Distribution Conformance Tests Content Discovery Teardown Delete created manifest &amp; associated tags" classname="OCI Distribution Conformance Tests" time="0.345296151"></testcase>
      <testcase name="OCI Distribution Conformance Tests Content Management Setup Populate registry with test config blob" classname="OCI Distribution Conformance Tests" time="0.591942991"></testcase>
      <testcase name="OCI Distribution Conformance Tests Content Management Setup Populate registry with test layer" classname="OCI Distribution Conformance Tests" time="0.576740206"></testcase>
      <testcase name="OCI Distribution Conformance Tests Content Management Setup Populate registry with test tag" classname="OCI Distribution Conformance Tests" time="0.319931738"></testcase>
      <testcase name="OCI Distribution Conformance Tests Content Management Setup Check how many tags there are before anything gets deleted" classname="OCI Distribution Conformance Tests" time="0.277230967"></testcase>
      <testcase name="OCI Distribution Conformance Tests Content Management Manifest delete DELETE request to manifest tag should return 202, unless tag deletion is disallowed (400/405)" classname="OCI Distribution Conformance Tests" time="0.311771028"></testcase>
      <testcase name="OCI Distribution Conformance Tests Content Management Manifest delete DELETE request to manifest (digest) should yield 202 response unless already deleted" classname="OCI Distribution Conformance Tests" time="0.265996569"></testcase>
      <testcase name="OCI Distribution Conformance Tests Content Management Manifest delete GET request to deleted manifest URL should yield 404 response, unless delete is disallowed" classname="OCI Distribution Conformance Tests" time="0.267054806"></testcase>
      <testcase name="OCI Distribution Conformance Tests Content Management Manifest delete GET request to tags list should reflect manifest deletion" classname="OCI Distribution Conformance Tests" time="0.264926514"></testcase>
      <testcase name="OCI Distribution Conformance Tests Content Management Blob delete DELETE request to blob URL should yield 202 response" classname="OCI Distribution Conformance Tests" time="0.557982812"></testcase>
      <testcase name="OCI Distribution Conformance Tests Content Management Blob delete GET request to deleted blob URL should yield 404 response" classname="OCI Distribution Conformance Tests" time="0.266022705"></testcase>
  </testsuite>