<?xml version="1.0" encoding="UTF-8"?>
  <testsuite name="OCI Distribution Conformance Tests" tests="18" failures="0" errors="0" time="13.549">
      <testcase name="OCI Distribution Conformance Tests Pull Setup Populate registry with test blob" classname="OCI Distribution Conformance Tests" time="1.435140084"></testcase>
      <testcase name="OCI Distribution Conformance Tests Pull Setup Populate registry with test layer" classname="OCI Distribution Conformance Tests" time="1.3292177920000001"></testcase>
      <testcase name="OCI Distribution Conformance Tests Pull Setup Populate registry with test manifest" classname="OCI Distribution Conformance Tests" time="0.74801975"></testcase>
      <testcase name="OCI Distribution Conformance Tests Pull Setup Get the name of a tag" classname="OCI Distribution Conformance Tests" time="1.284152625"></testcase>
      <testcase name="OCI Distribution Conformance Tests Pull Setup Get tag name from environment" classname="OCI Distribution Conformance Tests" time="0.000633916">
          <skipped>/Users/kniepbert/go/src/github.com/ChristianKniep/distribution-spec/conformance/01_pull_test.go:85&#xA;you have skipped this test.&#xA;/Users/kniepbert/go/src/github.com/ChristianKniep/distribution-spec/conformance/setup.go:353</skipped>
      </testcase>
      <testcase name="OCI Distribution Conformance Tests Pull Pull blobs HEAD request to nonexistent blob should result in 404 response" classname="OCI Distribution Conformance Tests" time="0.627502625"></testcase>
      <testcase name="OCI Distribution Conformance Tests Pull Pull blobs HEAD request to existing blob should yield 200" classname="OCI Distribution Conformance Tests" time="0.612106375"></testcase>
      <testcase name="OCI Distribution Conformance Tests Pull Pull blobs GET nonexistent blob should result in 404 response" classname="OCI Distribution Conformance Tests" time="0.742319083"></testcase>
      <testcase name="OCI Distribution Conformance Tests Pull Pull blobs GET request to existing blob URL should yield 200" classname="OCI Distribution Conformance Tests" time="0.606126875"></testcase>
      <testcase name="OCI Distribution Conformance Tests Pull Pull manifests HEAD request to nonexistent manifest should return 404" classname="OCI Distribution Conformance Tests" time="0.60027125"></testcase>
      <testcase name="OCI Distribution Conformance Tests Pull Pull manifests HEAD request to manifest path (digest) should yield 200 response" classname="OCI Distribution Conformance Tests" time="0.645069792"></testcase>
      <testcase name="OCI Distribution Conformance Tests Pull Pull manifests HEAD request to manifest path (tag) should yield 200 response" classname="OCI Distribution Conformance Tests" time="0.689432792"></testcase>
      <testcase name="OCI Distribution Conformance Tests Pull Pull manifests GET nonexistent manifest should return 404" classname="OCI Distribution Conformance Tests" time="0.581451334"></testcase>
      <testcase name="OCI Distribution Conformance Tests Pull Pull manifests GET request to manifest path (digest) should yield 200 response" classname="OCI Distribution Conformance Tests" time="0.640008583"></testcase>
      <testcase name="OCI Distribution Conformance Tests Pull Pull manifests GET request to manifest path (tag) should yield 200 response" classname="OCI Distribution Conformance Tests" time="0.725327584"></testcase>
      <testcase name="OCI Distribution Conformance Tests Pull Error codes 400 response body should contain OCI-conforming JSON message" classname="OCI Distribution Conformance Tests" time="0.566590292"></testcase>
      <testcase name="OCI Distribution Conformance Tests Pull Teardown Delete config blob created in setup" classname="OCI Distribution Conformance Tests" time="0.574542417"></testcase>
      <testcase name="OCI Distribution Conformance Tests Pull Teardown Delete layer blob created in setup" classname="OCI Distribution Conformance Tests" time="0.578683833"></testcase>
      <testcase name="OCI Distribution Conformance Tests Pull Teardown Delete manifest created in setup" classname="OCI Distribution Conformance Tests" time="0.547285041"></testcase>
      <testcase name="OCI Distribution Conformance Tests Push Blob Upload Streamed PATCH request with blob in body should yield 202 response" classname="OCI Distribution Conformance Tests" time="0.002066791">
          <skipped>/Users/kniepbert/go/src/github.com/ChristianKniep/distribution-spec/conformance/02_push_test.go:22&#xA;you have skipped this test; if this is an error, check your environment variable settings:&#xA;&#x9;OCI_TEST_PULL=1&#xA;&#x9;OCI_TEST_PUSH=0&#xA;&#x9;OCI_TEST_CONTENT_DISCOVERY=0&#xA;&#x9;OCI_TEST_CONTENT_MANAGEMENT=0&#xA;&#xA;/Users/kniepbert/go/src/github.com/ChristianKniep/distribution-spec/conformance/setup.go:341</skipped>
      </testcase>
      <testcase name="OCI Distribution Conformance Tests Push Blob Upload Streamed PUT request to session URL with digest should yield 201 response" classname="OCI Distribution Conformance Tests" time="0.000171584">
          <skipped>/Users/kniepbert/go/src/github.com/ChristianKniep/distribution-spec/conformance/02_push_test.go:39&#xA;you have skipped this test; if this is an error, check your environment variable settings:&#xA;&#x9;OCI_TEST_PULL=1&#xA;&#x9;OCI_TEST_PUSH=0&#xA;&#x9;OCI_TEST_CONTENT_DISCOVERY=0&#xA;&#x9;OCI_TEST_CONTENT_MANAGEMENT=0&#xA;&#xA;/Users/kniepbert/go/src/github.com/ChristianKniep/distribution-spec/conformance/setup.go:341</skipped>
      </testcase>
      <testcase name="OCI Distribution Conformance Tests Push Blob Upload Monolithic GET nonexistent blob should result in 404 response" classname="OCI Distribution Conformance Tests" time="0.000168542">
          <skipped>/Users/kniepbert/go/src/github.com/ChristianKniep/distribution-spec/conformance/02_push_test.go:54&#xA;you have skipped this test; if this is an error, check your environment variable settings:&#xA;&#x9;OCI_TEST_PULL=1&#xA;&#x9;OCI_TEST_PUSH=0&#xA;&#x9;OCI_TEST_CONTENT_DISCOVERY=0&#xA;&#x9;OCI_TEST_CONTENT_MANAGEMENT=0&#xA;&#xA;/Users/kniepbert/go/src/github.com/ChristianKniep/distribution-spec/conformance/setup.go:341</skipped>
      </testcase>
      <testcase name="OCI Distribution Conformance Tests Push Blob Upload Monolithic POST request with digest and blob should yield a 201 or 202" classname="OCI Distribution Conformance Tests" time="0.000170167">
          <skipped>/Users/kniepbert/go/src/github.com/ChristianKniep/distribution-spec/conformance/02_push_test.go:63&#xA;you have skipped this test; if this is an error, check your environment variable settings:&#xA;&#x9;OCI_TEST_PULL=1&#xA;&#x9;OCI_TEST_PUSH=0&#xA;&#x9;OCI_TEST_CONTENT_DISCOVERY=0&#xA;&#x9;OCI_TEST_CONTENT_MANAGEMENT=0&#xA;&#xA;/Users/kniepbert/go/src/github.com/ChristianKniep/distribution-spec/conformance/setup.go:341</skipped>
      </testcase>
      <testcase name="OCI Distribution Conformance Tests Push Blob Upload Monolithic GET request to blob URL from prior request should yield 200 or 404 based on response code" classname="OCI Distribution Conformance Tests" time="0.000184542">
          <skipped>/Users/kniepbert/go/src/github.com/ChristianKniep/distribution-spec/conformance/02_push_test.go:81&#xA;you have skipped this test; if this is an error, check your environment variable settings:&#xA;&#x9;OCI_TEST_PULL=1&#xA;&#x9;OCI_TEST_PUSH=0&#xA;&#x9;OCI_TEST_CONTENT_DISCOVERY=0&#xA;&#x9;OCI_TEST_CONTENT_MANAGEMENT=0&#xA;&#xA;/Users/kniepbert/go/src/github.com/ChristianKniep/distribution-spec/conformance/setup.go:341</skipped>
      </testcase>
      <testcase name="OCI Distribution Conformance Tests Push Blob Upload Monolithic POST request should yield a session ID" classname="OCI Distribution Conformance Tests" time="0.000129958">
          <skipped>/Users/kniepbert/go/src/github.com/ChristianKniep/distribution-spec/conformance/02_push_test.go:93&#xA;you have skipped this test; if this is an error, check your environment variable settings:&#xA;&#x9;OCI_TEST_PULL=1&#xA;&#x9;OCI_TEST_PUSH=0&#xA;&#x9;OCI_TEST_CONTENT_DISCOVERY=0&#xA;&#x9;OCI_TEST_CONTENT_MANAGEMENT=0&#xA;&#xA;/Users/kniepbert/go/src/github.com/ChristianKniep/distribution-spec/conformance/setup.go:341</skipped>
      </testcase>
      <testcase name="OCI Distribution Conformance Tests Push Blob Upload Monolithic PUT upload of a blob should yield a 201 Response" classname="OCI Distribution Conformance Tests" time="0.0001495">
          <skipped>/Users/kniepbert/go/src/github.com/ChristianKniep/distribution-spec/conformance/02_push_test.go:102&#xA;you have skipped this test; if this is an error, check your environment variable settings:&#xA;&#x9;OCI_TEST_PULL=1&#xA;&#x9;OCI_TEST_PUSH=0&#xA;&#x9;OCI_TEST_CONTENT_DISCOVERY=0&#xA;&#x9;OCI_TEST_CONTENT_MANAGEMENT=0&#xA;&#xA;/Users/kniepbert/go/src/github.com/ChristianKniep/distribution-spec/conformance/setup.go:341</skipped>
      </testcase>
      <testcase name="OCI Distribution Conformance Tests Push Blob Upload Monolithic GET request to existing blob should yield 200 response" classname="OCI Distribution Conformance Tests" time="0.000228916">
          <skipped>/Users/kniepbert/go/src/github.com/ChristianKniep/distribution-spec/conformance/02_push_test.go:116&#xA;you have skipped this test; if this is an error, check your environment variable settings:&#xA;&#x9;OCI_TEST_PULL=1&#xA;&#x9;OCI_TEST_PUSH=0&#xA;&#x9;OCI_TEST_CONTENT_DISCOVERY=0&#xA;&#x9;OCI_TEST_CONTENT_MANAGEMENT=0&#xA;&#xA;/Users/kniepbert/go/src/github.com/ChristianKniep/distribution-spec/conformance/setup.go:341</skipped>
      </testcase>
      <testcase name="OCI Distribution Conformance Tests Push Blob Upload Monolithic PUT upload of a layer blob should yield a 201 Response" classname="OCI Distribution Conformance Tests" time="0.000147334">
          <skipped>/Users/kniepbert/go/src/github.com/ChristianKniep/distribution-spec/conformance/02_push_test.go:124&#xA;you have skipped this test; if this is an error, check your environment variable settings:&#xA;&#x9;OCI_TEST_PULL=1&#xA;&#x9;OCI_TEST_PUSH=0&#xA;&#x9;OCI_TEST_CONTENT_DISCOVERY=0&#xA;&#x9;OCI_TEST_CONTENT_MANAGEMENT=0&#xA;&#xA;/Users/kniepbert/go/src/github.com/ChristianKniep/distribution-spec/conformance/setup.go:341</skipped>
      </testcase>
      <testcase name="OCI Distribution Conformance Tests Push Blob Upload Monolithic GET request to existing layer should yield 200 response" classname="OCI Distribution Conformance Tests" time="0.0001745">
          <skipped>/Users/kniepbert/go/src/github.com/ChristianKniep/distribution-spec/conformance/02_push_test.go:141&#xA;you have skipped this test; if this is an error, check your environment variable settings:&#xA;&#x9;OCI_TEST_PULL=1&#xA;&#x9;OCI_TEST_PUSH=0&#xA;&#x9;OCI_TEST_CONTENT_DISCOVERY=0&#xA;&#x9;OCI_TEST_CONTENT_MANAGEMENT=0&#xA;&#xA;/Users/kniepbert/go/src/github.com/ChristianKniep/distribution-spec/conformance/setup.go:341</skipped>
      </testcase>
      <testcase name="OCI Distribution Conformance Tests Push Blob Upload Chunked Out-of-order blob upload should return 416" classname="OCI Distribution Conformance Tests" time="0.000152666">
          <skipped>/Users/kniepbert/go/src/github.com/ChristianKniep/distribution-spec/conformance/02_push_test.go:151&#xA;you have skipped this test; if this is an error, check your environment variable settings:&#xA;&#x9;OCI_TEST_PULL=1&#xA;&#x9;OCI_TEST_PUSH=0&#xA;&#x9;OCI_TEST_CONTENT_DISCOVERY=0&#xA;&#x9;OCI_TEST_CONTENT_MANAGEMENT=0&#xA;&#xA;/Users/kniepbert/go/src/github.com/ChristianKniep/distribution-spec/conformance/setup.go:341</skipped>
      </testcase>
      <testcase name="OCI Distribution Conformance Tests Push Blob Upload Chunked PATCH request with first chunk should return 202" classname="OCI Distribution Conformance Tests" time="0.000151542">
          <skipped>/Users/kniepbert/go/src/github.com/ChristianKniep/distribution-spec/conformance/02_push_test.go:170&#xA;you have skipped this test; if this is an error, check your environment variable settings:&#xA;&#x9;OCI_TEST_CONTENT_MANAGEMENT=0&#xA;&#x9;OCI_TEST_PULL=1&#xA;&#x9;OCI_TEST_PUSH=0&#xA;&#x9;OCI_TEST_CONTENT_DISCOVERY=0&#xA;&#xA;/Users/kniepbert/go/src/github.com/ChristianKniep/distribution-spec/conformance/setup.go:341</skipped>
      </testcase>
      <testcase name="OCI Distribution Conformance Tests Push Blob Upload Chunked PUT request with final chunk should return 201" classname="OCI Distribution Conformance Tests" time="0.000142917">
          <skipped>/Users/kniepbert/go/src/github.com/ChristianKniep/distribution-spec/conformance/02_push_test.go:190&#xA;you have skipped this test; if this is an error, check your environment variable settings:&#xA;&#x9;OCI_TEST_PULL=1&#xA;&#x9;OCI_TEST_PUSH=0&#xA;&#x9;OCI_TEST_CONTENT_DISCOVERY=0&#xA;&#x9;OCI_TEST_CONTENT_MANAGEMENT=0&#xA;&#xA;/Users/kniepbert/go/src/github.com/ChristianKniep/distribution-spec/conformance/setup.go:341</skipped>
      </testcase>
      <testcase name="OCI Distribution Conformance Tests Push Cross-Repository Blob Mount Cross-mounting of a blob without the from argument should yield session id" classname="OCI Distribution Conformance Tests" time="0.000125709">
          <skipped>/Users/kniepbert/go/src/github.com/ChristianKniep/distribution-spec/conformance/02_push_test.go:207&#xA;you have skipped this test; if this is an error, check your environment variable settings:&#xA;&#x9;OCI_TEST_PULL=1&#xA;&#x9;OCI_TEST_PUSH=0&#xA;&#x9;OCI_TEST_CONTENT_DISCOVERY=0&#xA;&#x9;OCI_TEST_CONTENT_MANAGEMENT=0&#xA;&#xA;/Users/kniepbert/go/src/github.com/ChristianKniep/distribution-spec/conformance/setup.go:341</skipped>
      </testcase>
      <testcase name="OCI Distribution Conformance Tests Push Cross-Repository Blob Mount POST request to mount another repository&#39;s blob should return 201 or 202" classname="OCI Distribution Conformance Tests" time="0.000127917">
          <skipped>/Users/kniepbert/go/src/github.com/ChristianKniep/distribution-spec/conformance/02_push_test.go:218&#xA;you have skipped this test; if this is an error, check your environment variable settings:&#xA;&#x9;OCI_TEST_PULL=1&#xA;&#x9;OCI_TEST_PUSH=0&#xA;&#x9;OCI_TEST_CONTENT_DISCOVERY=0&#xA;&#x9;OCI_TEST_CONTENT_MANAGEMENT=0&#xA;&#xA;/Users/kniepbert/go/src/github.com/ChristianKniep/distribution-spec/conformance/setup.go:341</skipped>
      </testcase>
      <testcase name="OCI Distribution Conformance Tests Push Cross-Repository Blob Mount GET request to test digest within cross-mount namespace should return 200" classname="OCI Distribution Conformance Tests" time="0.000122334">
          <skipped>/Users/kniepbert/go/src/github.com/ChristianKniep/distribution-spec/conformance/02_push_test.go:235&#xA;you have skipped this test; if this is an error, check your environment variable settings:&#xA;&#x9;OCI_TEST_PULL=1&#xA;&#x9;OCI_TEST_PUSH=0&#xA;&#x9;OCI_TEST_CONTENT_DISCOVERY=0&#xA;&#x9;OCI_TEST_CONTENT_MANAGEMENT=0&#xA;&#xA;/Users/kniepbert/go/src/github.com/ChristianKniep/distribution-spec/conformance/setup.go:341</skipped>
      </testcase>
      <testcase name="OCI Distribution Conformance Tests Push Cross-Repository Blob Mount Cross-mounting of nonexistent blob should yield session id" classname="OCI Distribution Conformance Tests" time="0.000126">
          <skipped>/Users/kniepbert/go/src/github.com/ChristianKniep/distribution-spec/conformance/02_push_test.go:245&#xA;you have skipped this test; if this is an error, check your environment variable settings:&#xA;&#x9;OCI_TEST_PULL=1&#xA;&#x9;OCI_TEST_PUSH=0&#xA;&#x9;OCI_TEST_CONTENT_DISCOVERY=0&#xA;&#x9;OCI_TEST_CONTENT_MANAGEMENT=0&#xA;&#xA;/Users/kniepbert/go/src/github.com/ChristianKniep/distribution-spec/conformance/setup.go:341</skipped>
      </testcase>
      <testcase name="OCI Distribution Conformance Tests Push Cross-Repository Blob Mount Cross-mounting without from, and automatic content discovery enabled should return a 201" classname="OCI Distribution Conformance Tests" time="0.000129583">
          <skipped>/Users/kniepbert/go/src/github.com/ChristianKniep/distribution-spec/conformance/02_push_test.go:253&#xA;you have skipped this test; if this is an error, check your environment variable settings:&#xA;&#x9;OCI_TEST_CONTENT_MANAGEMENT=0&#xA;&#x9;OCI_TEST_PULL=1&#xA;&#x9;OCI_TEST_PUSH=0&#xA;&#x9;OCI_TEST_CONTENT_DISCOVERY=0&#xA;&#xA;/Users/kniepbert/go/src/github.com/ChristianKniep/distribution-spec/conformance/setup.go:341</skipped>
      </testcase>
      <testcase name="OCI Distribution Conformance Tests Push Cross-Repository Blob Mount Cross-mounting without from, and automatic content discovery disabled should return a 202" classname="OCI Distribution Conformance Tests" time="0.00014425">
          <skipped>/Users/kniepbert/go/src/github.com/ChristianKniep/distribution-spec/conformance/02_push_test.go:267&#xA;you have skipped this test; if this is an error, check your environment variable settings:&#xA;&#x9;OCI_TEST_CONTENT_DISCOVERY=0&#xA;&#x9;OCI_TEST_CONTENT_MANAGEMENT=0&#xA;&#x9;OCI_TEST_PULL=1&#xA;&#x9;OCI_TEST_PUSH=0&#xA;&#xA;/Users/kniepbert/go/src/github.com/ChristianKniep/distribution-spec/conformance/setup.go:341</skipped>
      </testcase>
      <testcase name="OCI Distribution Conformance Tests Push Manifest Upload GET nonexistent manifest should return 404" classname="OCI Distribution Conformance Tests" time="0.000132584">
          <skipped>/Users/kniepbert/go/src/github.com/ChristianKniep/distribution-spec/conformance/02_push_test.go:283&#xA;you have skipped this test; if this is an error, check your environment variable settings:&#xA;&#x9;OCI_TEST_PULL=1&#xA;&#x9;OCI_TEST_PUSH=0&#xA;&#x9;OCI_TEST_CONTENT_DISCOVERY=0&#xA;&#x9;OCI_TEST_CONTENT_MANAGEMENT=0&#xA;&#xA;/Users/kniepbert/go/src/github.com/ChristianKniep/distribution-spec/conformance/setup.go:341</skipped>
      </testcase>
      <testcase name="OCI Distribution Conformance Tests Push Manifest Upload PUT should accept a manifest upload" classname="OCI Distribution Conformance Tests" time="0.000567375">
          <skipped>/Users/kniepbert/go/src/github.com/ChristianKniep/distribution-spec/conformance/02_push_test.go:292&#xA;you have skipped this test; if this is an error, check your environment variable settings:&#xA;&#x9;OCI_TEST_PULL=1&#xA;&#x9;OCI_TEST_PUSH=0&#xA;&#x9;OCI_TEST_CONTENT_DISCOVERY=0&#xA;&#x9;OCI_TEST_CONTENT_MANAGEMENT=0&#xA;&#xA;/Users/kniepbert/go/src/github.com/ChristianKniep/distribution-spec/conformance/setup.go:341</skipped>
      </testcase>
      <testcase name="OCI Distribution Conformance Tests Push Manifest Upload Registry should accept a manifest upload with no layers" classname="OCI Distribution Conformance Tests" time="0.000127333">
          <skipped>/Users/kniepbert/go/src/github.com/ChristianKniep/distribution-spec/conformance/02_push_test.go:308&#xA;you have skipped this test; if this is an error, check your environment variable settings:&#xA;&#x9;OCI_TEST_PUSH=0&#xA;&#x9;OCI_TEST_CONTENT_DISCOVERY=0&#xA;&#x9;OCI_TEST_CONTENT_MANAGEMENT=0&#xA;&#x9;OCI_TEST_PULL=1&#xA;&#xA;/Users/kniepbert/go/src/github.com/ChristianKniep/distribution-spec/conformance/setup.go:341</skipped>
      </testcase>
      <testcase name="OCI Distribution Conformance Tests Push Manifest Upload GET request to manifest URL (digest) should yield 200 response" classname="OCI Distribution Conformance Tests" time="0.000132792">
          <skipped>/Users/kniepbert/go/src/github.com/ChristianKniep/distribution-spec/conformance/02_push_test.go:322&#xA;you have skipped this test; if this is an error, check your environment variable settings:&#xA;&#x9;OCI_TEST_PULL=1&#xA;&#x9;OCI_TEST_PUSH=0&#xA;&#x9;OCI_TEST_CONTENT_DISCOVERY=0&#xA;&#x9;OCI_TEST_CONTENT_MANAGEMENT=0&#xA;&#xA;/Users/kniepbert/go/src/github.com/ChristianKniep/distribution-spec/conformance/setup.go:341</skipped>
      </testcase>
      <testcase name="OCI Distribution Conformance Tests Push Teardown Delete config blob created in tests" classname="OCI Distribution Conformance Tests" time="0.000120292">
          <skipped>/Users/kniepbert/go/src/github.com/ChristianKniep/distribution-spec/conformance/02_push_test.go:350&#xA;you have skipped this test; if this is an error, check your environment variable settings:&#xA;&#x9;OCI_TEST_CONTENT_MANAGEMENT=0&#xA;&#x9;OCI_TEST_PULL=1&#xA;&#x9;OCI_TEST_PUSH=0&#xA;&#x9;OCI_TEST_CONTENT_DISCOVERY=0&#xA;&#xA;/Users/kniepbert/go/src/github.com/ChristianKniep/distribution-spec/conformance/setup.go:341</skipped>
      </testcase>
      <testcase name="OCI Distribution Conformance Tests Push Teardown Delete layer blob created in setup" classname="OCI Distribution Conformance Tests" time="0.000124125">
          <skipped>/Users/kniepbert/go/src/github.com/ChristianKniep/distribution-spec/conformance/02_push_test.go:365&#xA;you have skipped this test; if this is an error, check your environment variable settings:&#xA;&#x9;OCI_TEST_PUSH=0&#xA;&#x9;OCI_TEST_CONTENT_DISCOVERY=0&#xA;&#x9;OCI_TEST_CONTENT_MANAGEMENT=0&#xA;&#x9;OCI_TEST_PULL=1&#xA;&#xA;/Users/kniepbert/go/src/github.com/ChristianKniep/distribution-spec/conformance/setup.go:341</skipped>
      </testcase>
      <testcase name="OCI Distribution Conformance Tests Push Teardown Delete manifest created in tests" classname="OCI Distribution Conformance Tests" time="0.000124">
          <skipped>/Users/kniepbert/go/src/github.com/ChristianKniep/distribution-spec/conformance/02_push_test.go:381&#xA;you have skipped this test; if this is an error, check your environment variable settings:&#xA;&#x9;OCI_TEST_PULL=1&#xA;&#x9;OCI_TEST_PUSH=0&#xA;&#x9;OCI_TEST_CONTENT_DISCOVERY=0&#xA;&#x9;OCI_TEST_CONTENT_MANAGEMENT=0&#xA;&#xA;/Users/kniepbert/go/src/github.com/ChristianKniep/distribution-spec/conformance/setup.go:341</skipped>
      </testcase>
      <testcase name="OCI Distribution Conformance Tests Content Discovery Setup Populate registry with test blob" classname="OCI Distribution Conformance Tests" time="0.000118125">
          <skipped>/Users/kniepbert/go/src/github.com/ChristianKniep/distribution-spec/conformance/03_discovery_test.go:22&#xA;you have skipped this test; if this is an error, check your environment variable settings:&#xA;&#x9;OCI_TEST_PULL=1&#xA;&#x9;OCI_TEST_PUSH=0&#xA;&#x9;OCI_TEST_CONTENT_DISCOVERY=0&#xA;&#x9;OCI_TEST_CONTENT_MANAGEMENT=0&#xA;&#xA;/Users/kniepbert/go/src/github.com/ChristianKniep/distribution-spec/conformance/setup.go:341</skipped>
      </testcase>
      <testcase name="OCI Distribution Conformance Tests Content Discovery Setup Populate registry with test layer" classname="OCI Distribution Conformance Tests" time="0.000151708">
          <skipped>/Users/kniepbert/go/src/github.com/ChristianKniep/distribution-spec/conformance/03_discovery_test.go:40&#xA;you have skipped this test; if this is an error, check your environment variable settings:&#xA;&#x9;OCI_TEST_PULL=1&#xA;&#x9;OCI_TEST_PUSH=0&#xA;&#x9;OCI_TEST_CONTENT_DISCOVERY=0&#xA;&#x9;OCI_TEST_CONTENT_MANAGEMENT=0&#xA;&#xA;/Users/kniepbert/go/src/github.com/ChristianKniep/distribution-spec/conformance/setup.go:341</skipped>
      </testcase>
      <testcase name="OCI Distribution Conformance Tests Content Discovery Setup Populate registry with test tags" classname="OCI Distribution Conformance Tests" time="0.000141209">
          <skipped>/Users/kniepbert/go/src/github.com/ChristianKniep/distribution-spec/conformance/03_discovery_test.go:58&#xA;you have skipped this test; if this is an error, check your environment variable settings:&#xA;&#x9;OCI_TEST_CONTENT_DISCOVERY=0&#xA;&#x9;OCI_TEST_CONTENT_MANAGEMENT=0&#xA;&#x9;OCI_TEST_PULL=1&#xA;&#x9;OCI_TEST_PUSH=0&#xA;&#xA;/Users/kniepbert/go/src/github.com/ChristianKniep/distribution-spec/conformance/setup.go:341</skipped>
      </testcase>
      <testcase name="OCI Distribution Conformance Tests Content Discovery Setup Populate registry with test tags (no push)" classname="OCI Distribution Conformance Tests" time="0.000126834">
          <skipped>/Users/kniepbert/go/src/github.com/ChristianKniep/distribution-spec/conformance/03_discovery_test.go:80&#xA;you have skipped this test; if this is an error, check your environment variable settings:&#xA;&#x9;OCI_TEST_CONTENT_DISCOVERY=0&#xA;&#x9;OCI_TEST_CONTENT_MANAGEMENT=0&#xA;&#x9;OCI_TEST_PULL=1&#xA;&#x9;OCI_TEST_PUSH=0&#xA;&#xA;/Users/kniepbert/go/src/github.com/ChristianKniep/distribution-spec/conformance/setup.go:341</skipped>
      </testcase>
      <testcase name="OCI Distribution Conformance Tests Content Discovery Test content discovery endpoints GET request to list tags should yield 200 response" classname="OCI Distribution Conformance Tests" time="0.000149875">
          <skipped>/Users/kniepbert/go/src/github.com/ChristianKniep/distribution-spec/conformance/03_discovery_test.go:88&#xA;you have skipped this test; if this is an error, check your environment variable settings:&#xA;&#x9;OCI_TEST_PUSH=0&#xA;&#x9;OCI_TEST_CONTENT_DISCOVERY=0&#xA;&#x9;OCI_TEST_CONTENT_MANAGEMENT=0&#xA;&#x9;OCI_TEST_PULL=1&#xA;&#xA;/Users/kniepbert/go/src/github.com/ChristianKniep/distribution-spec/conformance/setup.go:341</skipped>
      </testcase>
      <testcase name="OCI Distribution Conformance Tests Content Discovery Test content discovery endpoints GET number of tags should be limitable by `n` query parameter" classname="OCI Distribution Conformance Tests" time="0.0001215">
          <skipped>/Users/kniepbert/go/src/github.com/ChristianKniep/distribution-spec/conformance/03_discovery_test.go:97&#xA;you have skipped this test; if this is an error, check your environment variable settings:&#xA;&#x9;OCI_TEST_CONTENT_DISCOVERY=0&#xA;&#x9;OCI_TEST_CONTENT_MANAGEMENT=0&#xA;&#x9;OCI_TEST_PULL=1&#xA;&#x9;OCI_TEST_PUSH=0&#xA;&#xA;/Users/kniepbert/go/src/github.com/ChristianKniep/distribution-spec/conformance/setup.go:341</skipped>
      </testcase>
      <testcase name="OCI Distribution Conformance Tests Content Discovery Test content discovery endpoints GET start of tag is set by `last` query parameter" classname="OCI Distribution Conformance Tests" time="0.000118916">
          <skipped>/Users/kniepbert/go/src/github.com/ChristianKniep/distribution-spec/conformance/03_discovery_test.go:110&#xA;you have skipped this test; if this is an error, check your environment variable settings:&#xA;&#x9;OCI_TEST_PUSH=0&#xA;&#x9;OCI_TEST_CONTENT_DISCOVERY=0&#xA;&#x9;OCI_TEST_CONTENT_MANAGEMENT=0&#xA;&#x9;OCI_TEST_PULL=1&#xA;&#xA;/Users/kniepbert/go/src/github.com/ChristianKniep/distribution-spec/conformance/setup.go:341</skipped>
      </testcase>
      <testcase name="OCI Distribution Conformance Tests Content Discovery Teardown Delete config blob created in tests" classname="OCI Distribution Conformance Tests" time="0.000124167">
          <skipped>/Users/kniepbert/go/src/github.com/ChristianKniep/distribution-spec/conformance/03_discovery_test.go:148&#xA;you have skipped this test; if this is an error, check your environment variable settings:&#xA;&#x9;OCI_TEST_PULL=1&#xA;&#x9;OCI_TEST_PUSH=0&#xA;&#x9;OCI_TEST_CONTENT_DISCOVERY=0&#xA;&#x9;OCI_TEST_CONTENT_MANAGEMENT=0&#xA;&#xA;/Users/kniepbert/go/src/github.com/ChristianKniep/distribution-spec/conformance/setup.go:341</skipped>
      </testcase>
      <testcase name="OCI Distribution Conformance Tests Content Discovery Teardown Delete layer blob created in setup" classname="OCI Distribution Conformance Tests" time="0.000150583">
          <skipped>/Users/kniepbert/go/src/github.com/ChristianKniep/distribution-spec/conformance/03_discovery_test.go:163&#xA;you have skipped this test; if this is an error, check your environment variable settings:&#xA;&#x9;OCI_TEST_PUSH=0&#xA;&#x9;OCI_TEST_CONTENT_DISCOVERY=0&#xA;&#x9;OCI_TEST_CONTENT_MANAGEMENT=0&#xA;&#x9;OCI_TEST_PULL=1&#xA;&#xA;/Users/kniepbert/go/src/github.com/ChristianKniep/distribution-spec/conformance/setup.go:341</skipped>
      </testcase>
      <testcase name="OCI Distribution Conformance Tests Content Discovery Teardown Delete created manifest &amp; associated tags" classname="OCI Distribution Conformance Tests" time="0.000120166">
          <skipped>/Users/kniepbert/go/src/github.com/ChristianKniep/distribution-spec/conformance/03_discovery_test.go:179&#xA;you have skipped this test; if this is an error, check your environment variable settings:&#xA;&#x9;OCI_TEST_PULL=1&#xA;&#x9;OCI_TEST_PUSH=0&#xA;&#x9;OCI_TEST_CONTENT_DISCOVERY=0&#xA;&#x9;OCI_TEST_CONTENT_MANAGEMENT=0&#xA;&#xA;/Users/kniepbert/go/src/github.com/ChristianKniep/distribution-spec/conformance/setup.go:341</skipped>
      </testcase>
      <testcase name="OCI Distribution Conformance Tests Content Management Setup Populate registry with test config blob" classname="OCI Distribution Conformance Tests" time="0.000119125">
          <skipped>/Users/kniepbert/go/src/github.com/ChristianKniep/distribution-spec/conformance/04_management_test.go:20&#xA;you have skipped this test; if this is an error, check your environment variable settings:&#xA;&#x9;OCI_TEST_PULL=1&#xA;&#x9;OCI_TEST_PUSH=0&#xA;&#x9;OCI_TEST_CONTENT_DISCOVERY=0&#xA;&#x9;OCI_TEST_CONTENT_MANAGEMENT=0&#xA;&#xA;/Users/kniepbert/go/src/github.com/ChristianKniep/distribution-spec/conformance/setup.go:341</skipped>
      </testcase>
      <testcase name="OCI Distribution Conformance Tests Content Management Setup Populate registry with test layer" classname="OCI Distribution Conformance Tests" time="0.0001165">
          <skipped>/Users/kniepbert/go/src/github.com/ChristianKniep/distribution-spec/conformance/04_management_test.go:38&#xA;you have skipped this test; if this is an error, check your environment variable settings:&#xA;&#x9;OCI_TEST_CONTENT_MANAGEMENT=0&#xA;&#x9;OCI_TEST_PULL=1&#xA;&#x9;OCI_TEST_PUSH=0&#xA;&#x9;OCI_TEST_CONTENT_DISCOVERY=0&#xA;&#xA;/Users/kniepbert/go/src/github.com/ChristianKniep/distribution-spec/conformance/setup.go:341</skipped>
      </testcase>
      <testcase name="OCI Distribution Conformance Tests Content Management Setup Populate registry with test tag" classname="OCI Distribution Conformance Tests" time="0.00012575">
          <skipped>/Users/kniepbert/go/src/github.com/ChristianKniep/distribution-spec/conformance/04_management_test.go:56&#xA;you have skipped this test; if this is an error, check your environment variable settings:&#xA;&#x9;OCI_TEST_PULL=1&#xA;&#x9;OCI_TEST_PUSH=0&#xA;&#x9;OCI_TEST_CONTENT_DISCOVERY=0&#xA;&#x9;OCI_TEST_CONTENT_MANAGEMENT=0&#xA;&#xA;/Users/kniepbert/go/src/github.com/ChristianKniep/distribution-spec/conformance/setup.go:341</skipped>
      </testcase>
      <testcase name="OCI Distribution Conformance Tests Content Management Setup Check how many tags there are before anything gets deleted" classname="OCI Distribution Conformance Tests" time="0.000132208">
          <skipped>/Users/kniepbert/go/src/github.com/ChristianKniep/distribution-spec/conformance/04_management_test.go:71&#xA;you have skipped this test; if this is an error, check your environment variable settings:&#xA;&#x9;OCI_TEST_PUSH=0&#xA;&#x9;OCI_TEST_CONTENT_DISCOVERY=0&#xA;&#x9;OCI_TEST_CONTENT_MANAGEMENT=0&#xA;&#x9;OCI_TEST_PULL=1&#xA;&#xA;/Users/kniepbert/go/src/github.com/ChristianKniep/distribution-spec/conformance/setup.go:341</skipped>
      </testcase>
      <testcase name="OCI Distribution Conformance Tests Content Management Manifest delete DELETE request to manifest tag should return 202, unless tag deletion is disallowed (400/405)" classname="OCI Distribution Conformance Tests" time="0.00013025">
          <skipped>/Users/kniepbert/go/src/github.com/ChristianKniep/distribution-spec/conformance/04_management_test.go:87&#xA;you have skipped this test; if this is an error, check your environment variable settings:&#xA;&#x9;OCI_TEST_PULL=1&#xA;&#x9;OCI_TEST_PUSH=0&#xA;&#x9;OCI_TEST_CONTENT_DISCOVERY=0&#xA;&#x9;OCI_TEST_CONTENT_MANAGEMENT=0&#xA;&#xA;/Users/kniepbert/go/src/github.com/ChristianKniep/distribution-spec/conformance/setup.go:341</skipped>
      </testcase>
      <testcase name="OCI Distribution Conformance Tests Content Management Manifest delete DELETE request to manifest (digest) should yield 202 response unless already deleted" classname="OCI Distribution Conformance Tests" time="0.000121083">
          <skipped>/Users/kniepbert/go/src/github.com/ChristianKniep/distribution-spec/conformance/04_management_test.go:105&#xA;you have skipped this test; if this is an error, check your environment variable settings:&#xA;&#x9;OCI_TEST_PULL=1&#xA;&#x9;OCI_TEST_PUSH=0&#xA;&#x9;OCI_TEST_CONTENT_DISCOVERY=0&#xA;&#x9;OCI_TEST_CONTENT_MANAGEMENT=0&#xA;&#xA;/Users/kniepbert/go/src/github.com/ChristianKniep/distribution-spec/conformance/setup.go:341</skipped>
      </testcase>
      <testcase name="OCI Distribution Conformance Tests Content Management Manifest delete GET request to deleted manifest URL should yield 404 response, unless delete is disallowed" classname="OCI Distribution Conformance Tests" time="0.000119583">
          <skipped>/Users/kniepbert/go/src/github.com/ChristianKniep/distribution-spec/conformance/04_management_test.go:117&#xA;you have skipped this test; if this is an error, check your environment variable settings:&#xA;&#x9;OCI_TEST_CONTENT_DISCOVERY=0&#xA;&#x9;OCI_TEST_CONTENT_MANAGEMENT=0&#xA;&#x9;OCI_TEST_PULL=1&#xA;&#x9;OCI_TEST_PUSH=0&#xA;&#xA;/Users/kniepbert/go/src/github.com/ChristianKniep/distribution-spec/conformance/setup.go:341</skipped>
      </testcase>
      <testcase name="OCI Distribution Conformance Tests Content Management Manifest delete GET request to tags list should reflect manifest deletion" classname="OCI Distribution Conformance Tests" time="0.000125125">
          <skipped>/Users/kniepbert/go/src/github.com/ChristianKniep/distribution-spec/conformance/04_management_test.go:128&#xA;you have skipped this test; if this is an error, check your environment variable settings:&#xA;&#x9;OCI_TEST_PULL=1&#xA;&#x9;OCI_TEST_PUSH=0&#xA;&#x9;OCI_TEST_CONTENT_DISCOVERY=0&#xA;&#x9;OCI_TEST_CONTENT_MANAGEMENT=0&#xA;&#xA;/Users/kniepbert/go/src/github.com/ChristianKniep/distribution-spec/conformance/setup.go:341</skipped>
      </testcase>
      <testcase name="OCI Distribution Conformance Tests Content Management Blob delete DELETE request to blob URL should yield 202 response" classname="OCI Distribution Conformance Tests" time="0.000119584">
          <skipped>/Users/kniepbert/go/src/github.com/ChristianKniep/distribution-spec/conformance/04_management_test.go:143&#xA;you have skipped this test; if this is an error, check your environment variable settings:&#xA;&#x9;OCI_TEST_PULL=1&#xA;&#x9;OCI_TEST_PUSH=0&#xA;&#x9;OCI_TEST_CONTENT_DISCOVERY=0&#xA;&#x9;OCI_TEST_CONTENT_MANAGEMENT=0&#xA;&#xA;/Users/kniepbert/go/src/github.com/ChristianKniep/distribution-spec/conformance/setup.go:341</skipped>
      </testcase>
      <testcase name="OCI Distribution Conformance Tests Content Management Blob delete GET request to deleted blob URL should yield 404 response" classname="OCI Distribution Conformance Tests" time="0.000127375">
          <skipped>/Users/kniepbert/go/src/github.com/ChristianKniep/distribution-spec/conformance/04_management_test.go:159&#xA;you have skipped this test; if this is an error, check your environment variable settings:&#xA;&#x9;OCI_TEST_PULL=1&#xA;&#x9;OCI_TEST_PUSH=0&#xA;&#x9;OCI_TEST_CONTENT_DISCOVERY=0&#xA;&#x9;OCI_TEST_CONTENT_MANAGEMENT=0&#xA;&#xA;/Users/kniepbert/go/src/github.com/ChristianKniep/distribution-spec/conformance/setup.go:341</skipped>
      </testcase>
  </testsuite>